2018/03/14 20:41:22.358 [I] [asm_amd64.s:2337] http server Running on http://:8080
2018/03/14 21:29:11.571 [I] [asm_amd64.s:2337] http server Running on http://:8080
2018/03/14 21:30:09.583 [I] [asm_amd64.s:2337] http server Running on http://:8080
2018/03/14 21:30:09.583 [I] [asm_amd64.s:2337] Admin server Running on :8088
2018/03/14 21:32:29.934 [I] [asm_amd64.s:2337] http server Running on http://:8080
2018/03/14 21:32:29.934 [I] [asm_amd64.s:2337] Admin server Running on :8088
2018/03/14 21:33:29.132 [I] [asm_amd64.s:2337] http server Running on http://:8080
2018/03/14 21:33:29.132 [I] [asm_amd64.s:2337] Admin server Running on :8088
2018/03/14 21:33:43.068 [I] [asm_amd64.s:2337] http server Running on http://:8080
2018/03/14 21:33:43.068 [I] [asm_amd64.s:2337] Admin server Running on :8088
2018/03/14 21:35:51.027 [I] [asm_amd64.s:2337] http server Running on http://:8080
2018/03/14 21:35:51.028 [I] [asm_amd64.s:2337] Admin server Running on :8088
2018/03/14 21:36:42.465 [I] [asm_amd64.s:2337] http server Running on http://:8080
2018/03/14 21:36:42.465 [I] [asm_amd64.s:2337] Admin server Running on :8088
2018/03/14 21:37:06.138 [I] [asm_amd64.s:2337] http server Running on http://:8080
2018/03/14 21:37:06.138 [I] [asm_amd64.s:2337] Admin server Running on :8088
2018/03/14 21:37:10.644 [I] [asm_amd64.s:2337] http server Running on http://:8080
2018/03/14 21:37:10.645 [I] [asm_amd64.s:2337] Admin server Running on :8088
2018/03/14 21:41:30.620 [I] [asm_amd64.s:2337] http server Running on http://:8080
2018/03/14 21:41:30.620 [I] [asm_amd64.s:2337] Admin server Running on :8088
2018/03/14 21:44:02.012 [I] [asm_amd64.s:2337] http server Running on http://:8080
2018/03/14 21:44:02.012 [I] [asm_amd64.s:2337] Admin server Running on :8088
2018/03/14 21:45:18.231 [I] [asm_amd64.s:2337] http server Running on http://:8080
2018/03/14 21:45:18.231 [I] [asm_amd64.s:2337] Admin server Running on :8088
2018/03/14 21:46:17.488 [I] [asm_amd64.s:2337] http server Running on http://:8080
2018/03/14 21:46:17.488 [I] [asm_amd64.s:2337] Admin server Running on :8088
2018/03/14 21:48:53.022 [I] [asm_amd64.s:2337] http server Running on http://:8080
2018/03/14 21:48:53.023 [I] [asm_amd64.s:2337] Admin server Running on :8088
2018/03/14 21:50:22.675 [I] [asm_amd64.s:2337] http server Running on http://:8080
2018/03/14 21:50:22.675 [I] [asm_amd64.s:2337] Admin server Running on :8088
2018/03/14 21:50:47.451 [I] [asm_amd64.s:2337] http server Running on http://:8080
2018/03/14 21:50:47.452 [I] [asm_amd64.s:2337] Admin server Running on :8088
2018/03/14 21:52:29.713 [I] [asm_amd64.s:2337] http server Running on http://:8080
2018/03/14 21:52:29.713 [I] [asm_amd64.s:2337] Admin server Running on :8088
2018/03/14 21:53:16.614 [I] [asm_amd64.s:2337] http server Running on http://:8080
2018/03/14 21:53:16.614 [I] [asm_amd64.s:2337] Admin server Running on :8088
2018/03/14 21:53:39.313 [I] [asm_amd64.s:2337] http server Running on http://:8080
2018/03/14 21:53:39.313 [I] [asm_amd64.s:2337] Admin server Running on :8088
2018/03/14 21:54:26.253 [I] [asm_amd64.s:2337] http server Running on http://:8080
2018/03/14 21:54:26.253 [I] [asm_amd64.s:2337] Admin server Running on :8088
2018/03/14 21:55:21.556 [I] [asm_amd64.s:2337] Admin server Running on :8088
2018/03/14 21:55:21.555 [I] [asm_amd64.s:2337] http server Running on http://:8080
2018/03/14 21:56:10.551 [I] [asm_amd64.s:2337] http server Running on http://:8080
2018/03/14 21:56:10.551 [I] [asm_amd64.s:2337] Admin server Running on :8088
2018/03/14 21:57:37.016 [I] [asm_amd64.s:2337] http server Running on http://:8080
2018/03/14 21:57:37.016 [I] [asm_amd64.s:2337] Admin server Running on :8088
2018/03/14 21:58:16.781 [I] [asm_amd64.s:2337] http server Running on http://:8080
2018/03/14 21:58:16.781 [I] [asm_amd64.s:2337] Admin server Running on :8088
2018/03/14 22:00:26.357 [I] [asm_amd64.s:2337] http server Running on http://:8080
2018/03/14 22:00:26.357 [I] [asm_amd64.s:2337] Admin server Running on :8088
2018/03/14 22:02:36.253 [I] [asm_amd64.s:2337] Admin server Running on :8088
2018/03/14 22:02:36.254 [I] [asm_amd64.s:2337] http server Running on http://:8080
2018/03/14 22:03:57.531 [I] [asm_amd64.s:2337] http server Running on http://:8080
2018/03/14 22:03:57.531 [I] [asm_amd64.s:2337] Admin server Running on :8088
2018/03/14 22:04:04.193 [I] [asm_amd64.s:2337] http server Running on http://:8080
2018/03/14 22:04:04.193 [I] [asm_amd64.s:2337] Admin server Running on :8088
2018/03/14 22:07:30.645 [I] [asm_amd64.s:2337] http server Running on http://:8080
2018/03/14 22:07:30.646 [I] [asm_amd64.s:2337] Admin server Running on :8088
2018/03/14 22:07:58.421 [D] [server.go:2619] ::1 - - [14/Mar/2018 10:07:58] "GET /wxapp/wxlogin HTTP/1.1 404 0" 0.001001  Mozilla/5.0 (Windows NT 10.0; Win64; x64) AppleWebKit/537.36 (KHTML, like Gecko) Chrome/64.0.3282.186 Safari/537.36

2018/03/14 22:08:36.197 [D] [server.go:2619] ::1 - - [14/Mar/2018 10:08:36] "POST /wxapp/wxlogin HTTP/1.1 200 0" 0.000502  Mozilla/5.0 (Windows NT 10.0; Win64; x64) AppleWebKit/537.36 (KHTML, like Gecko) Chrome/64.0.3282.186 Safari/537.36

2018/03/14 22:09:37.723 [I] [asm_amd64.s:2337] http server Running on http://:8080
2018/03/14 22:09:37.723 [I] [asm_amd64.s:2337] Admin server Running on :8088
2018/03/14 22:09:40.697 [D] [server.go:2619] ::1 - - [14/Mar/2018 10:09:40] "POST /wxapp/wxlogin HTTP/1.1 200 0" 0.000500  Mozilla/5.0 (Windows NT 10.0; Win64; x64) AppleWebKit/537.36 (KHTML, like Gecko) Chrome/64.0.3282.186 Safari/537.36

2018/03/14 22:10:09.871 [I] [asm_amd64.s:2337] http server Running on http://:8080
2018/03/14 22:10:09.871 [I] [asm_amd64.s:2337] Admin server Running on :8088
2018/03/14 22:10:10.885 [D] [server.go:2619] ::1 - - [14/Mar/2018 10:10:10] "POST /wxapp/wxlogin HTTP/1.1 200 0" 0.001001  Mozilla/5.0 (Windows NT 10.0; Win64; x64) AppleWebKit/537.36 (KHTML, like Gecko) Chrome/64.0.3282.186 Safari/537.36

2018/03/14 22:10:16.646 [I] [asm_amd64.s:2337] http server Running on http://:8080
2018/03/14 22:10:16.646 [I] [asm_amd64.s:2337] Admin server Running on :8088
2018/03/14 22:10:19.389 [D] [server.go:2619] ::1 - - [14/Mar/2018 10:10:19] "POST /wxapp/wxlogin HTTP/1.1 200 0" 0.000500  Mozilla/5.0 (Windows NT 10.0; Win64; x64) AppleWebKit/537.36 (KHTML, like Gecko) Chrome/64.0.3282.186 Safari/537.36

2018/03/14 22:10:21.757 [D] [server.go:2619] ::1 - - [14/Mar/2018 10:10:21] "POST /wxapp/wxlogin HTTP/1.1 200 0" 0.000504  Mozilla/5.0 (Windows NT 10.0; Win64; x64) AppleWebKit/537.36 (KHTML, like Gecko) Chrome/64.0.3282.186 Safari/537.36

2018/03/14 22:10:58.612 [D] [server.go:2619] ::1 - - [14/Mar/2018 10:10:58] "POST /wxapp/wxlogin HTTP/1.1 200 0" 0.000496  Mozilla/5.0 (Windows NT 10.0; Win64; x64) AppleWebKit/537.36 (KHTML, like Gecko) Chrome/64.0.3282.186 Safari/537.36

2018/03/14 22:11:03.335 [D] [server.go:2619] ::1 - - [14/Mar/2018 10:11:03] "POST /wxapp/wxlogin HTTP/1.1 200 0" 0.000500  Mozilla/5.0 (Windows NT 10.0; Win64; x64) AppleWebKit/537.36 (KHTML, like Gecko) Chrome/64.0.3282.186 Safari/537.36

2018/03/14 22:11:11.410 [D] [server.go:2619] ::1 - - [14/Mar/2018 10:11:11] "POST /wxapp/wxlogin HTTP/1.1 200 0" 0.000501  Mozilla/5.0 (Windows NT 10.0; Win64; x64) AppleWebKit/537.36 (KHTML, like Gecko) Chrome/64.0.3282.186 Safari/537.36

2018/03/14 22:15:26.326 [D] [server.go:2619] ::1 - - [14/Mar/2018 10:15:26] "POST /wxapp/login HTTP/1.1 404 0" 0.001000 https://servicewechat.com/wx15bdcb0c5d873778/devtools/page-frame.html wechatdevtools appservice port/64671

2018/03/14 22:15:57.858 [I] [asm_amd64.s:2337] http server Running on http://:8080
2018/03/14 22:15:57.858 [I] [asm_amd64.s:2337] Admin server Running on :8088
2018/03/14 22:16:04.488 [I] [asm_amd64.s:2337] http server Running on http://:8080
2018/03/14 22:16:04.488 [I] [asm_amd64.s:2337] Admin server Running on :8088
2018/03/14 22:16:09.457 [D] [server.go:2619] ::1 - - [14/Mar/2018 10:16:09] "POST /wxapp/login HTTP/1.1 200 0" 0.001501 https://servicewechat.com/wx15bdcb0c5d873778/devtools/page-frame.html wechatdevtools appservice port/64671

2018/03/14 22:17:55.985 [I] [asm_amd64.s:2337] http server Running on http://:8080
2018/03/14 22:17:55.985 [I] [asm_amd64.s:2337] Admin server Running on :8088
2018/03/14 22:18:02.467 [I] [asm_amd64.s:2337] http server Running on http://:8080
2018/03/14 22:18:02.468 [I] [asm_amd64.s:2337] Admin server Running on :8088
2018/03/14 22:18:04.486 [D] [server.go:2619] ::1 - - [14/Mar/2018 10:18:04] "POST /wxapp/wxlogin HTTP/1.1 404 0" 0.001004  Mozilla/5.0 (Windows NT 10.0; Win64; x64) AppleWebKit/537.36 (KHTML, like Gecko) Chrome/64.0.3282.186 Safari/537.36

2018/03/14 22:18:12.725 [D] [server.go:2619] ::1 - - [14/Mar/2018 10:18:12] "POST /wxapp/login HTTP/1.1 200 0" 0.000485  Mozilla/5.0 (Windows NT 10.0; Win64; x64) AppleWebKit/537.36 (KHTML, like Gecko) Chrome/64.0.3282.186 Safari/537.36

2018/03/14 22:19:09.878 [I] [asm_amd64.s:2337] http server Running on http://:8080
2018/03/14 22:19:09.879 [I] [asm_amd64.s:2337] Admin server Running on :8088
2018/03/14 22:19:16.458 [I] [asm_amd64.s:2337] http server Running on http://:8080
2018/03/14 22:19:16.458 [I] [asm_amd64.s:2337] Admin server Running on :8088
2018/03/14 22:19:19.821 [D] [server.go:2619] ::1 - - [14/Mar/2018 10:19:19] "POST /wxapp/login HTTP/1.1 200 0" 0.001500  Mozilla/5.0 (Windows NT 10.0; Win64; x64) AppleWebKit/537.36 (KHTML, like Gecko) Chrome/64.0.3282.186 Safari/537.36

2018/03/14 22:19:25.076 [D] [server.go:2619] ::1 - - [14/Mar/2018 10:19:25] "POST /wxapp/login HTTP/1.1 200 0" 0.001001  Mozilla/5.0 (Windows NT 10.0; Win64; x64) AppleWebKit/537.36 (KHTML, like Gecko) Chrome/64.0.3282.186 Safari/537.36

2018/03/14 22:21:41.568 [I] [asm_amd64.s:2337] http server Running on http://:8080
2018/03/14 22:21:41.568 [I] [asm_amd64.s:2337] Admin server Running on :8088
2018/03/14 22:21:48.237 [I] [asm_amd64.s:2337] http server Running on http://:8080
2018/03/14 22:21:48.237 [I] [asm_amd64.s:2337] Admin server Running on :8088
2018/03/14 22:21:53.066 [D] [server.go:2619] ::1 - - [14/Mar/2018 10:21:53] "POST /wxapp/login HTTP/1.1 200 0" 0.000500  Mozilla/5.0 (Windows NT 10.0; Win64; x64) AppleWebKit/537.36 (KHTML, like Gecko) Chrome/64.0.3282.186 Safari/537.36

2018/03/14 22:21:55.182 [D] [server.go:2619] ::1 - - [14/Mar/2018 10:21:55] "POST /wxapp/login HTTP/1.1 200 0" 0.000483  Mozilla/5.0 (Windows NT 10.0; Win64; x64) AppleWebKit/537.36 (KHTML, like Gecko) Chrome/64.0.3282.186 Safari/537.36

2018/03/14 22:21:56.151 [D] [server.go:2619] ::1 - - [14/Mar/2018 10:21:56] "POST /wxapp/login HTTP/1.1 200 0" 0.000488  Mozilla/5.0 (Windows NT 10.0; Win64; x64) AppleWebKit/537.36 (KHTML, like Gecko) Chrome/64.0.3282.186 Safari/537.36

2018/03/14 22:24:01.786 [I] [asm_amd64.s:2337] http server Running on http://:8080
2018/03/14 22:24:01.786 [I] [asm_amd64.s:2337] Admin server Running on :8088
2018/03/14 22:24:08.350 [I] [asm_amd64.s:2337] http server Running on http://:8080
2018/03/14 22:24:16.794 [D] [server.go:2619] ::1 - - [14/Mar/2018 10:24:16] "POST /wxapp/login HTTP/1.1 200 0" 0.001001  Mozilla/5.0 (Windows NT 10.0; Win64; x64) AppleWebKit/537.36 (KHTML, like Gecko) Chrome/64.0.3282.186 Safari/537.36

2018/03/14 22:24:19.471 [D] [server.go:2619] ::1 - - [14/Mar/2018 10:24:19] "POST /wxapp/login HTTP/1.1 200 0" 0.000000  Mozilla/5.0 (Windows NT 10.0; Win64; x64) AppleWebKit/537.36 (KHTML, like Gecko) Chrome/64.0.3282.186 Safari/537.36

2018/03/14 22:24:51.561 [I] [asm_amd64.s:2337] http server Running on http://:8080
2018/03/14 22:24:58.565 [I] [asm_amd64.s:2337] http server Running on http://:8080
2018/03/14 22:26:37.671 [I] [asm_amd64.s:2337] http server Running on http://:8080
2018/03/14 22:26:43.618 [I] [asm_amd64.s:2337] http server Running on http://:8080
2018/03/14 22:26:45.367 [D] [server.go:2619] ::1 - - [14/Mar/2018 10:26:45] "POST /wxapp/login HTTP/1.1 200 0" 0.001001  Mozilla/5.0 (Windows NT 10.0; Win64; x64) AppleWebKit/537.36 (KHTML, like Gecko) Chrome/64.0.3282.186 Safari/537.36

2018/03/14 22:26:48.109 [I] [asm_amd64.s:2337] http server Running on http://:8080
2018/03/14 22:26:49.218 [D] [server.go:2619] ::1 - - [14/Mar/2018 10:26:49] "POST /wxapp/login HTTP/1.1 200 0" 0.001003  Mozilla/5.0 (Windows NT 10.0; Win64; x64) AppleWebKit/537.36 (KHTML, like Gecko) Chrome/64.0.3282.186 Safari/537.36

2018/03/14 22:26:50.221 [D] [server.go:2619] ::1 - - [14/Mar/2018 10:26:50] "POST /wxapp/login HTTP/1.1 200 0" 0.000000  Mozilla/5.0 (Windows NT 10.0; Win64; x64) AppleWebKit/537.36 (KHTML, like Gecko) Chrome/64.0.3282.186 Safari/537.36

2018/03/14 22:26:52.458 [I] [asm_amd64.s:2337] http server Running on http://:8080
2018/03/14 22:26:57.043 [D] [server.go:2619] ::1 - - [14/Mar/2018 10:26:57] "POST /wxapp/login HTTP/1.1 200 0" 0.001001  Mozilla/5.0 (Windows NT 10.0; Win64; x64) AppleWebKit/537.36 (KHTML, like Gecko) Chrome/64.0.3282.186 Safari/537.36

2018/03/14 22:27:22.068 [D] [server.go:2619] ::1 - - [14/Mar/2018 10:27:22] "POST /wxapp/login HTTP/1.1 200 0" 0.000500  Mozilla/5.0 (Windows NT 10.0; Win64; x64) AppleWebKit/537.36 (KHTML, like Gecko) Chrome/64.0.3282.186 Safari/537.36

2018/03/14 22:27:25.518 [D] [server.go:2619] ::1 - - [14/Mar/2018 10:27:25] "POST /wxapp/login HTTP/1.1 200 0" 0.000501  Mozilla/5.0 (Windows NT 10.0; Win64; x64) AppleWebKit/537.36 (KHTML, like Gecko) Chrome/64.0.3282.186 Safari/537.36

2018/03/14 22:27:55.502 [D] [server.go:2619] ::1 - - [14/Mar/2018 10:27:55] "POST /wxapp/login HTTP/1.1 200 0" 0.000501 https://servicewechat.com/wx15bdcb0c5d873778/devtools/page-frame.html wechatdevtools appservice port/64671

2018/03/14 22:31:11.834 [I] [asm_amd64.s:2337] http server Running on http://:8080
2018/03/14 22:31:18.049 [I] [asm_amd64.s:2337] http server Running on http://:8080
2018/03/14 22:31:22.794 [I] [asm_amd64.s:2337] http server Running on http://:8080
2018/03/14 22:35:52.316 [I] [asm_amd64.s:2337] http server Running on http://:8080
2018/03/14 22:35:57.302 [I] [asm_amd64.s:2337] http server Running on http://:8080
2018/03/14 22:36:12.433 [I] [asm_amd64.s:2337] http server Running on http://:8080
2018/03/14 22:36:19.476 [I] [asm_amd64.s:2337] http server Running on http://:8080
2018/03/14 22:39:41.773 [I] [asm_amd64.s:2337] http server Running on http://:8080
2018/03/14 22:39:48.072 [I] [asm_amd64.s:2337] http server Running on http://:8080
2018/03/14 22:39:53.020 [I] [asm_amd64.s:2337] http server Running on http://:8080
2018/03/14 22:40:03.949 [I] [asm_amd64.s:2337] http server Running on http://:8080
2018/03/14 22:40:10.928 [I] [asm_amd64.s:2337] http server Running on http://:8080
2018/03/14 22:46:19.851 [I] [asm_amd64.s:2337] http server Running on http://:8080
2018/03/14 22:46:26.430 [I] [asm_amd64.s:2337] http server Running on http://:8080
2018/03/14 22:46:38.157 [D] [server.go:2619] ::1 - - [14/Mar/2018 10:46:37] "POST /wxapp/login HTTP/1.1 200 0" 0.371643 https://servicewechat.com/wx15bdcb0c5d873778/devtools/page-frame.html wechatdevtools appservice port/64671

2018/03/14 22:49:24.791 [I] [asm_amd64.s:2337] http server Running on http://:8080
2018/03/14 22:49:31.930 [I] [asm_amd64.s:2337] http server Running on http://:8080
2018/03/14 22:49:38.126 [D] [server.go:2619] ::1 - - [14/Mar/2018 10:49:37] "POST /wxapp/login HTTP/1.1 200 0" 0.313099 https://servicewechat.com/wx15bdcb0c5d873778/devtools/page-frame.html wechatdevtools appservice port/64671

2018/03/14 23:09:42.918 [I] [asm_amd64.s:2337] http server Running on http://:8080
2018/03/14 23:09:50.041 [I] [asm_amd64.s:2337] http server Running on http://:8080
2018/03/14 23:10:03.199 [D] [server.go:2619] ::1 - - [14/Mar/2018 11:10:02] "POST /wxapp/login HTTP/1.1 200 0" 0.354498 https://servicewechat.com/wx15bdcb0c5d873778/devtools/page-frame.html wechatdevtools appservice port/64671

